Flow report for adder_floating_point
Wed Apr 17 19:10:17 2019
Quartus II 32-bit Version 12.1 Build 177 11/07/2012 SJ Web Edition


---------------------
; Table of Contents ;
---------------------
  1. Legal Notice
  2. Flow Summary
  3. Flow Settings
  4. Flow Non-Default Global Settings
  5. Flow Elapsed Time
  6. Flow OS Summary
  7. Flow Log



----------------
; Legal Notice ;
----------------
Copyright (C) 1991-2012 Altera Corporation
Your use of Altera Corporation's design tools, logic functions 
and other software and tools, and its AMPP partner logic 
functions, and any output files from any of the foregoing 
(including device programming or simulation files), and any 
associated documentation or information are expressly subject 
to the terms and conditions of the Altera Program License 
Subscription Agreement, Altera MegaCore Function License 
Agreement, or other applicable license agreement, including, 
without limitation, that your use is for the sole purpose of 
programming logic devices manufactured by Altera and sold by 
Altera or its authorized distributors.  Please refer to the 
applicable agreement for further details.



+-------------------------------------------------------------------------------+
; Flow Summary                                                                  ;
+------------------------------------+------------------------------------------+
; Flow Status                        ; Successful - Wed Apr 17 19:10:17 2019    ;
; Quartus II 32-bit Version          ; 12.1 Build 177 11/07/2012 SJ Web Edition ;
; Revision Name                      ; adder_floating_point                     ;
; Top-level Entity Name              ; adder_floating_point                     ;
; Family                             ; Cyclone II                               ;
; Device                             ; EP2C35F672C6                             ;
; Timing Models                      ; Final                                    ;
; Total logic elements               ; 1,508 / 33,216 ( 5 % )                   ;
;     Total combinational functions  ; 1,508 / 33,216 ( 5 % )                   ;
;     Dedicated logic registers      ; 0 / 33,216 ( 0 % )                       ;
; Total registers                    ; 0                                        ;
; Total pins                         ; 101 / 475 ( 21 % )                       ;
; Total virtual pins                 ; 0                                        ;
; Total memory bits                  ; 0 / 483,840 ( 0 % )                      ;
; Embedded Multiplier 9-bit elements ; 0 / 70 ( 0 % )                           ;
; Total PLLs                         ; 0 / 4 ( 0 % )                            ;
+------------------------------------+------------------------------------------+


+------------------------------------------+
; Flow Settings                            ;
+-------------------+----------------------+
; Option            ; Setting              ;
+-------------------+----------------------+
; Start date & time ; 04/17/2019 19:08:52  ;
; Main task         ; Compilation          ;
; Revision Name     ; adder_floating_point ;
+-------------------+----------------------+


+----------------------------------------------------------------------------------------------------------------------+
; Flow Non-Default Global Settings                                                                                     ;
+-------------------------------------+---------------------------------+---------------+-------------+----------------+
; Assignment Name                     ; Value                           ; Default Value ; Entity Name ; Section Id     ;
+-------------------------------------+---------------------------------+---------------+-------------+----------------+
; COMPILER_SIGNATURE_ID               ; 128534985268027.155552093110804 ; --            ; --          ; --             ;
; EDA_OUTPUT_DATA_FORMAT              ; Systemverilog Hdl               ; --            ; --          ; eda_simulation ;
; EDA_SIMULATION_TOOL                 ; ModelSim-Altera (SystemVerilog) ; <None>        ; --          ; --             ;
; MAX_CORE_JUNCTION_TEMP              ; 85                              ; --            ; --          ; --             ;
; MIN_CORE_JUNCTION_TEMP              ; 0                               ; --            ; --          ; --             ;
; PARTITION_COLOR                     ; 16764057                        ; --            ; --          ; Top            ;
; PARTITION_FITTER_PRESERVATION_LEVEL ; PLACEMENT_AND_ROUTING           ; --            ; --          ; Top            ;
; PARTITION_NETLIST_TYPE              ; SOURCE                          ; --            ; --          ; Top            ;
; PROJECT_OUTPUT_DIRECTORY            ; output_files                    ; --            ; --          ; --             ;
+-------------------------------------+---------------------------------+---------------+-------------+----------------+


+-------------------------------------------------------------------------------------------------------------------------------+
; Flow Elapsed Time                                                                                                             ;
+---------------------------+--------------+-------------------------+---------------------+------------------------------------+
; Module Name               ; Elapsed Time ; Average Processors Used ; Peak Virtual Memory ; Total CPU Time (on all processors) ;
+---------------------------+--------------+-------------------------+---------------------+------------------------------------+
; Analysis & Synthesis      ; 00:00:18     ; 1.0                     ; 388 MB              ; 00:00:13                           ;
; Fitter                    ; 00:00:29     ; 1.0                     ; 522 MB              ; 00:00:13                           ;
; Assembler                 ; 00:00:07     ; 1.0                     ; 403 MB              ; 00:00:06                           ;
; TimeQuest Timing Analyzer ; 00:00:07     ; 1.0                     ; 371 MB              ; 00:00:06                           ;
; EDA Netlist Writer        ; 00:00:05     ; 1.0                     ; 359 MB              ; 00:00:05                           ;
; Total                     ; 00:01:06     ; --                      ; --                  ; 00:00:43                           ;
+---------------------------+--------------+-------------------------+---------------------+------------------------------------+


+----------------------------------------------------------------------------------------+
; Flow OS Summary                                                                        ;
+---------------------------+------------------+-----------+------------+----------------+
; Module Name               ; Machine Hostname ; OS Name   ; OS Version ; Processor type ;
+---------------------------+------------------+-----------+------------+----------------+
; Analysis & Synthesis      ; HMS98            ; Windows 7 ; 6.2        ; x86_64         ;
; Fitter                    ; HMS98            ; Windows 7 ; 6.2        ; x86_64         ;
; Assembler                 ; HMS98            ; Windows 7 ; 6.2        ; x86_64         ;
; TimeQuest Timing Analyzer ; HMS98            ; Windows 7 ; 6.2        ; x86_64         ;
; EDA Netlist Writer        ; HMS98            ; Windows 7 ; 6.2        ; x86_64         ;
+---------------------------+------------------+-----------+------------+----------------+


------------
; Flow Log ;
------------
quartus_map --read_settings_files=on --write_settings_files=off adder_floating_point -c adder_floating_point
quartus_fit --read_settings_files=off --write_settings_files=off adder_floating_point -c adder_floating_point
quartus_asm --read_settings_files=off --write_settings_files=off adder_floating_point -c adder_floating_point
quartus_sta adder_floating_point -c adder_floating_point
quartus_eda --read_settings_files=off --write_settings_files=off adder_floating_point -c adder_floating_point



